make all --print-data-base --no-builtin-variables --no-builtin-rules --question
# GNU Make 4.2.1
# Built for x86_64-pc-linux-gnu
# Copyright (C) 1988-2016 Free Software Foundation, Inc.
# License GPLv3+: GNU GPL version 3 or later <http://gnu.org/licenses/gpl.html>
# This is free software: you are free to change and redistribute it.
# There is NO WARRANTY, to the extent permitted by law.

# Make data base, printed on Wed Apr 19 17:40:56 2023

# Variables

# automatic
<D = $(patsubst %/,%,$(dir $<))
# environment
G4ABLADATA = /home/tomas/MFF/DT/geant4/install/share/Geant4-11.0.2/data/G4ABLA3.1
# automatic
?F = $(notdir $?)
# environment
DESKTOP_SESSION = mate
# environment
JUPYTER_PATH = /home/tomas/MFF/DT/root/install/etc/notebook
# default
.SHELLFLAGS := -c
# environment
XDG_SESSION_CLASS = user
# environment
VSCODE_CRASH_REPORTER_PROCESS_TYPE = extensionHost
# environment
XDG_SESSION_TYPE = x11
# environment
QT_FONT_DPI = 96
# environment
GTK3_MODULES = xapp-gtk3-module
# automatic
?D = $(patsubst %/,%,$(dir $?))
# automatic
@D = $(patsubst %/,%,$(dir $@))
# environment
XAUTHORITY = /home/tomas/.Xauthority
# environment
GDMSESSION = mate
# default
MAKE_VERSION := 4.2.1
# makefile
CURDIR := /home/tomas/MFF/DT/clusterer
# makefile (from 'Makefile', line 39)
SHELL = /bin/sh
# makefile (from 'Makefile', line 45)
RM = /usr/bin/cmake -E remove -f
# environment
GDM_LANG = en_US
# environment
VSCODE_NLS_CONFIG = {"locale":"en-us","osLocale":"en-us","availableLanguages":{},"_languagePackSupport":true}
# environment
JOURNAL_STREAM = 9:24097
# environment
CLHEP_INCLUDE_DIR = /home/tomas/MFF/DT/CLHEP/2.3.3.2/CLHEP/install//include/
# environment
XDG_CONFIG_DIRS = /etc/xdg/xdg-mate:/etc/xdg
# makefile (from 'Makefile', line 54)
CMAKE_BINARY_DIR = /home/tomas/MFF/DT/clusterer
# environment
GTK_OVERLAY_SCROLLING = 0
# makefile (from 'Makefile', line 1)
MAKEFILE_LIST :=  Makefile
# automatic
@F = $(notdir $@)
# environment
GIO_LAUNCHED_DESKTOP_FILE = /usr/share/applications/code.desktop
# 'override' directive
GNUMAKEFLAGS := 
# environment
XDG_DATA_DIRS = /usr/share/mate:/home/tomas/.local/share/flatpak/exports/share:/var/lib/flatpak/exports/share:/usr/local/share:/usr/share
# environment
ROOTSYS = /home/tomas/MFF/DT/root/install
# environment
DBUS_SESSION_BUS_ADDRESS = unix:path=/run/user/1000/bus,guid=a55e198d1a2519c45a5d333b64400b66
# environment
G4PIIDATA = /home/tomas/MFF/DT/geant4/install/share/Geant4-11.0.2/data/G4PII1.3
# environment
QT_SCALE_FACTOR = 1
# environment
_ = /usr/share/code/code
# environment
MANAGERPID = 827
# environment
LESSOPEN = | /usr/bin/lesspipe %s
# environment
LC_NAME = sk_SK.UTF-8
# environment
VSCODE_CWD = /home/tomas
# environment
XDG_SESSION_PATH = /org/freedesktop/DisplayManager/Session0
# default
MAKE_HOST := x86_64-pc-linux-gnu
# environment
PATH = /home/tomas/.local/bin:/usr/bin/python2/:/home/tomas/MFF/DT/poormansprofiler/:/home/tomas/MFF/DT/allpix/install/bin:/home/tomas/MFF/DT/root/install/bin:/home/tomas/MFF/DT/geant4/install/bin:/home/tomas/MFF/DT/CLHEP/2.3.3.2/CLHEP/install//bin/:/home/tomas/.local/bin:/usr/local/sbin:/usr/local/bin:/usr/sbin:/usr/bin:/sbin:/bin:/usr/games:/usr/local/games:/snap/bin
# environment
GPG_AGENT_INFO = /run/user/1000/gnupg/S.gpg-agent:0:1
# environment
C_INCLUDE_PATH = /home/tomas/MFF/DT/allpix/install/include:
# environment
SESSION_MANAGER = local/tomas-VirtualBox:@/tmp/.ICE-unix/835,unix/tomas-VirtualBox:/tmp/.ICE-unix/835
# environment
G4INCLDATA = /home/tomas/MFF/DT/geant4/install/share/Geant4-11.0.2/data/G4INCL1.0
# environment
XDG_RUNTIME_DIR = /run/user/1000
# environment
LIBRARY_PATH = /home/tomas/MFF/DT/allpix/install/lib:
# environment
LD_PYTHON2_PATH = /usr/bin/python2/
# environment
ELECTRON_RUN_AS_NODE = 1
# environment
INVOCATION_ID = a720a278881749eca89beffe3c538e35
# default
.FEATURES := target-specific order-only second-expansion else-if shortest-stem undefine oneshell archives jobserver output-sync check-symlink load
# environment
CMAKE_PREFIX_PATH = /home/tomas/MFF/DT/allpix/install/share/cmake:/home/tomas/MFF/DT/root/install
# environment
CLHEP_LIBRARY = /home/tomas/MFF/DT/CLHEP/2.3.3.2/CLHEP/install//lib/
# environment
XDG_GREETER_DATA_DIR = /var/lib/lightdm-data/tomas
# environment
SHLIB_PATH = /home/tomas/MFF/DT/root/install/lib
# environment
XDG_SESSION_DESKTOP = mate
# environment
SSH_AUTH_SOCK = /run/user/1000/keyring/ssh
# environment
GIO_LAUNCHED_DESKTOP_FILE_PID = 1461
# environment
CLING_STANDARD_PCH = none
# automatic
%F = $(notdir $%)
# environment
CPLUS_INCLUDE_PATH = /home/tomas/MFF/DT/allpix/install/include:
# environment
DISPLAY = :0
# environment
G4PARTICLEXSDATA = /home/tomas/MFF/DT/geant4/install/share/Geant4-11.0.2/data/G4PARTICLEXS4.0
# environment
JUPYTER_CONFIG_DIR = /home/tomas/MFF/DT/root/install/etc/notebook
# environment
PWD = /home/tomas/MFF/DT/clusterer
# environment
QT_QPA_PLATFORMTHEME = qt5ct
# default
.LOADED := 
# environment
XDG_SEAT = seat0
# environment
SSH_AGENT_PID = 979
# environment
ORIGINAL_XDG_CURRENT_DESKTOP = MATE
# environment
GTK_MODULES = gail:atk-bridge
# environment
MANPATH = /home/tomas/MFF/DT/root/install/man:/home/tomas/.local/share/man:/usr/local/man:/usr/local/share/man:/usr/share/man
# environment
VSCODE_AMD_ENTRYPOINT = vs/workbench/api/node/extensionHostProcess
# environment
HOME = /home/tomas
# environment
LD_LIBRARY_PATH = /home/MFF/DT/allpix/install/lib:/home/tomas/Qt/5.15.2/gcc_64/lib/:/home/tomas/MFF/DT/allpix/install/lib:/home/tomas/MFF/DT/root/install/lib:/home/tomas/MFF/DT/geant4/install/lib:/home/tomas/MFF/DT/CLHEP/2.3.3.2/CLHEP/install//lib/::/usr/lib/x86_64-linux-gnu
# environment
LESSCLOSE = /usr/bin/lesspipe %s %s
# environment
VSCODE_CODE_CACHE_PATH = /home/tomas/.config/Code/CachedData/704ed70d4fd1c6bd6342c436f1ede30d1cff4710
# environment
LOGNAME = tomas
# environment
APPLICATION_INSIGHTS_NO_DIAGNOSTIC_CHANNEL = 1
# makefile (from 'Makefile', line 48)
EQUALS = =
# automatic
+F = $(notdir $+)
# environment
VSCODE_HANDLES_UNCAUGHT_ERRORS = true
# automatic
^D = $(patsubst %/,%,$(dir $^))
# environment
XDG_VTNR = 7
# environment
CLUTTER_BACKEND = x11
# environment
MAKELEVEL := 0
# environment
G4NEUTRONHPDATA = /home/tomas/MFF/DT/geant4/install/share/Geant4-11.0.2/data/G4NDL4.6
# default
MAKE = $(MAKE_COMMAND)
# default
MAKECMDGOALS := all
# environment
SHLVL = 0
# environment
CLHEP_DIR = /home/tomas/MFF/DT/CLHEP/2.3.3.2/CLHEP/install/
# environment
LIBPATH = /home/tomas/MFF/DT/root/install/lib
# environment
IM_CONFIG_PHASE = 1
# environment
COMPIZ_CONFIG_PROFILE = mint
# environment
XDG_SESSION_ID = c1
# environment
USER = tomas
# environment
LC_MONETARY = sk_SK.UTF-8
# makefile
.DEFAULT_GOAL := default_target
# environment
XDG_CURRENT_DESKTOP = MATE
# makefile (from 'Makefile', line 51)
CMAKE_SOURCE_DIR = /home/tomas/MFF/DT/clusterer
# automatic
%D = $(patsubst %/,%,$(dir $%))
# environment
LC_TELEPHONE = sk_SK.UTF-8
# environment
G4LEVELGAMMADATA = /home/tomas/MFF/DT/geant4/install/share/Geant4-11.0.2/data/PhotonEvaporation5.7
# default
MAKE_COMMAND := make
# environment
G4SAIDXSDATA = /home/tomas/MFF/DT/geant4/install/share/Geant4-11.0.2/data/G4SAIDDATA2.0
# default
.VARIABLES := 
# automatic
*F = $(notdir $*)
# environment
LANGUAGE = en_US
# environment
XDG_SEAT_PATH = /org/freedesktop/DisplayManager/Seat0
# environment
VSCODE_IPC_HOOK = /run/user/1000/vscode-4e534ead-1.77-main.sock
# environment
PYTHONPATH = /home/tomas/MFF/DT/root/install/lib
# makefile
MAKEFLAGS = pqrRs
# environment
MFLAGS = -pqrRs
# automatic
*D = $(patsubst %/,%,$(dir $*))
# automatic
+D = $(patsubst %/,%,$(dir $+))
# environment
GDK_BACKEND = x11
# environment
LC_PAPER = sk_SK.UTF-8
# makefile (from 'Makefile', line 21)
SUFFIXES = 
# environment
QT_ACCESSIBILITY = 1
# default
MAKEFILES := 
# environment
LC_NUMERIC = sk_SK.UTF-8
# automatic
<F = $(notdir $<)
# environment
QT_DIRECTORY_PATH = /home/tomas/Qt/5.15.2/gcc_64/lib/
# environment
PS1 = \u@\h \[\033[32m\]\w - $(parse_git_branch)\[\033[00m\] $ 
# environment
LC_MEASUREMENT = sk_SK.UTF-8
# environment
G4REALSURFACEDATA = /home/tomas/MFF/DT/geant4/install/share/Geant4-11.0.2/data/RealSurface2.2
# environment
LC_ALL = C
# environment
DBUS_STARTER_BUS_TYPE = session
# makefile (from 'Makefile', line 42)
CMAKE_COMMAND = /usr/bin/cmake
# automatic
^F = $(notdir $^)
# environment
G4RADIOACTIVEDATA = /home/tomas/MFF/DT/geant4/install/share/Geant4-11.0.2/data/RadioactiveDecay5.6
# environment
CHROME_DESKTOP = code-url-handler.desktop
# environment
MATE_DESKTOP_SESSION_ID = this-is-deprecated
# default
.INCLUDE_DIRS = /usr/include /usr/local/include /usr/include
# environment
LC_IDENTIFICATION = sk_SK.UTF-8
# environment
G4LEDATA = /home/tomas/MFF/DT/geant4/install/share/Geant4-11.0.2/data/G4EMLOW8.0
# default
.RECIPEPREFIX := 
# environment
LC_ADDRESS = sk_SK.UTF-8
# environment
LANG = C
# environment
 
VSCODE_PID = 1461
# environment
DYLD_LIBRARY_PATH = /home/tomas/MFF/DT/root/install/lib
# environment
DBUS_STARTER_ADDRESS = unix:path=/run/user/1000/bus,guid=a55e198d1a2519c45a5d333b64400b66
# environment
G4ENSDFSTATEDATA = /home/tomas/MFF/DT/geant4/install/share/Geant4-11.0.2/data/G4ENSDFSTATE2.3
# variable set hash-table stats:
# Load=145/1024=14%, Rehash=0, Collisions=21/179=12%

# Pattern-specific Variable Values

# No pattern-specific variable values.

# Directories

# . (device 2053, inode 860492): 18 files, no impossibilities.

# 18 files, no impossibilities in 1 directories.

# Implicit Rules

%.hpux_make_needs_suffix_list:

# 1 implicit rules, 0 (0.0%) terminal.

# Files

cmake_force:
#  Phony target (prerequisite of .PHONY).
#  Implicit rule search has not been done.
#  File does not exist.
#  File has not been updated.

edit_cache:
#  Phony target (prerequisite of .PHONY).
#  Implicit rule search has not been done.
#  File does not exist.
#  File has not been updated.
#  recipe to execute (from 'Makefile', line 72):
	@$(CMAKE_COMMAND) -E cmake_echo_color --switch=$(COLOR) --cyan "No interactive CMake dialog available..."
	/usr/bin/cmake -E echo No\ interactive\ CMake\ dialog\ available.

src/main.cpp.s:
#  Phony target (prerequisite of .PHONY).
#  Implicit rule search has not been done.
#  File does not exist.
#  File has not been updated.
#  recipe to execute (from 'Makefile', line 150):
	$(MAKE) -f CMakeFiles/cclusterer.dir/build.make CMakeFiles/cclusterer.dir/src/main.cpp.s

all: cmake_check_build_system
#  Phony target (prerequisite of .PHONY).
#  Command line target.
#  Implicit rule search has not been done.
#  File does not exist.
#  File has been updated.
#  Needs to be updated (-q is set).
# variable set hash-table stats:
# Load=0/32=0%, Rehash=0, Collisions=0/6=0%
#  recipe to execute (from 'Makefile', line 83):
	$(CMAKE_COMMAND) -E cmake_progress_start /home/tomas/MFF/DT/clusterer/CMakeFiles /home/tomas/MFF/DT/clusterer/CMakeFiles/progress.marks
	$(MAKE) -f CMakeFiles/Makefile2 all
	$(CMAKE_COMMAND) -E cmake_progress_start /home/tomas/MFF/DT/clusterer/CMakeFiles 0

.PHONY: default_target cmake_force rebuild_cache rebuild_cache/fast edit_cache edit_cache/fast all clean clean/fast preinstall preinstall/fast depend cclusterer cclusterer/fast src/main.o src/main.cpp.o src/main.i src/main.cpp.i src/main.s src/main.cpp.s help cmake_check_build_system
#  Implicit rule search has not been done.
#  Modification time never checked.
#  File has not been updated.

src/main.i: src/main.cpp.i
#  Phony target (prerequisite of .PHONY).
#  Implicit rule search has not been done.
#  File does not exist.
#  File has not been updated.

src/main.o: src/main.cpp.o
#  Phony target (prerequisite of .PHONY).
#  Implicit rule search has not been done.
#  File does not exist.
#  File has not been updated.

preinstall/fast:
#  Phony target (prerequisite of .PHONY).
#  Implicit rule search has not been done.
#  File does not exist.
#  File has not been updated.
#  recipe to execute (from 'Makefile', line 105):
	$(MAKE) -f CMakeFiles/Makefile2 preinstall

.SUFFIXES: .hpux_make_needs_suffix_list
#  Implicit rule search has not been done.
#  Modification time never checked.
#  File has not been updated.

# Not a target:
Makefile:
#  Implicit rule search has been done.
#  Last modified 2022-10-21 06:14:45.400128937
#  File has been updated.
#  Successfully updated.

.NOTPARALLEL:
#  Implicit rule search has not been done.
#  Modification time never checked.
#  File has not been updated.

clean/fast: clean
#  Phony target (prerequisite of .PHONY).
#  Implicit rule search has not been done.
#  File does not exist.
#  File has not been updated.

cmake_check_build_system:
#  Phony target (prerequisite of .PHONY).
#  Implicit rule search has not been done.
#  Implicit/static pattern stem: ''
#  File does not exist.
#  File has been updated.
#  Needs to be updated (-q is set).
# automatic
# @ := cmake_check_build_system
# automatic
# % := 
# automatic
# * := 
# automatic
# + := 
# automatic
# | := 
# automatic
# < := 
# automatic
# ^ := 
# automatic
# ? := 
# variable set hash-table stats:
# Load=8/32=25%, Rehash=0, Collisions=3/14=21%
#  recipe to execute (from 'Makefile', line 176):
	$(CMAKE_COMMAND) -S$(CMAKE_SOURCE_DIR) -B$(CMAKE_BINARY_DIR) --check-build-system CMakeFiles/Makefile.cmake 0

help:
#  Phony target (prerequisite of .PHONY).
#  Implicit rule search has not been done.
#  File does not exist.
#  File has not been updated.
#  recipe to execute (from 'Makefile', line 155):
	@echo "The following are some of the valid targets for this Makefile:"
	@echo "... all (the default if no target is provided)"
	@echo "... clean"
	@echo "... depend"
	@echo "... rebuild_cache"
	@echo "... edit_cache"
	@echo "... cclusterer"
	@echo "... src/main.o"
	@echo "... src/main.i"
	@echo "... src/main.s"

preinstall: all
#  Phony target (prerequisite of .PHONY).
#  Implicit rule search has not been done.
#  File does not exist.
#  File has not been updated.
#  recipe to execute (from 'Makefile', line 100):
	$(MAKE) -f CMakeFiles/Makefile2 preinstall

src/main.s: src/main.cpp.s
#  Phony target (prerequisite of .PHONY).
#  Implicit rule search has not been done.
#  File does not exist.
#  File has not been updated.

.SILENT:
#  Implicit rule search has not been done.
#  Modification time never checked.
#  File has not been updated.

depend:
#  Phony target (prerequisite of .PHONY).
#  Implicit rule search has not been done.
#  File does not exist.
#  File has not been updated.
#  recipe to execute (from 'Makefile', line 110):
	$(CMAKE_COMMAND) -S$(CMAKE_SOURCE_DIR) -B$(CMAKE_BINARY_DIR) --check-build-system CMakeFiles/Makefile.cmake 1

# Not a target:
.DEFAULT:
#  Implicit rule search has not been done.
#  Modification time never checked.
#  File has not been updated.

default_target: all
#  Phony target (prerequisite of .PHONY).
#  Implicit rule search has not been done.
#  File does not exist.
#  File has not been updated.

cclusterer/fast:
#  Phony target (prerequisite of .PHONY).
#  Implicit rule search has not been done.
#  File does not exist.
#  File has not been updated.
#  recipe to execute (from 'Makefile', line 123):
	$(MAKE) -f CMakeFiles/cclusterer.dir/build.make CMakeFiles/cclusterer.dir/build

clean:
#  Phony target (prerequisite of .PHONY).
#  Implicit rule search has not been done.
#  File does not exist.
#  File has not been updated.
#  recipe to execute (from 'Makefile', line 90):
	$(MAKE) -f CMakeFiles/Makefile2 clean

rebuild_cache/fast: rebuild_cache
#  Phony target (prerequisite of .PHONY).
#  Implicit rule search has not been done.
#  File does not exist.
#  File has not been updated.

edit_cache/fast: edit_cache
#  Phony target (prerequisite of .PHONY).
#  Implicit rule search has not been done.
#  File does not exist.
#  File has not been updated.

src/main.cpp.i:
#  Phony target (prerequisite of .PHONY).
#  Implicit rule search has not been done.
#  File does not exist.
#  File has not been updated.
#  recipe to execute (from 'Makefile', line 141):
	$(MAKE) -f CMakeFiles/cclusterer.dir/build.make CMakeFiles/cclusterer.dir/src/main.cpp.i

src/main.cpp.o:
#  Phony target (prerequisite of .PHONY).
#  Implicit rule search has not been done.
#  File does not exist.
#  File has not been updated.
#  recipe to execute (from 'Makefile', line 132):
	$(MAKE) -f CMakeFiles/cclusterer.dir/build.make CMakeFiles/cclusterer.dir/src/main.cpp.o

# Not a target:
.hpux_make_needs_suffix_list:
#  Implicit rule search has not been done.
#  Modification time never checked.
#  File has not been updated.

cclusterer: cmake_check_build_system
#  Phony target (prerequisite of .PHONY).
#  Implicit rule search has not been done.
#  File does not exist.
#  File has not been updated.
#  recipe to execute (from 'Makefile', line 118):
	$(MAKE) -f CMakeFiles/Makefile2 cclusterer

rebuild_cache:
#  Phony target (prerequisite of .PHONY).
#  Implicit rule search has not been done.
#  File does not exist.
#  File has not been updated.
#  recipe to execute (from 'Makefile', line 61):
	@$(CMAKE_COMMAND) -E cmake_echo_color --switch=$(COLOR) --cyan "Running CMake to regenerate build system..."
	/usr/bin/cmake -S$(CMAKE_SOURCE_DIR) -B$(CMAKE_BINARY_DIR)

# files hash-table stats:
# Load=29/1024=3%, Rehash=0, Collisions=3/101=3%
# VPATH Search Paths

# No 'vpath' search paths.

# No general ('VPATH' variable) search path.

# strcache buffers: 1 (0) / strings = 49 / storage = 576 B / avg = 11 B
# current buf: size = 8162 B / used = 576 B / count = 49 / avg = 11 B

# strcache performance: lookups = 158 / hit rate = 68%
# hash-table stats:
# Load=49/8192=1%, Rehash=0, Collisions=2/158=1%
# Finished Make data base on Wed Apr 19 17:40:56 2023

 
